# JRE version: Java(TM) SE Runtime Environment (17.0.8+9) (build 17.0.8+9-LTS-211)
# Java VM: Java HotSpot(TM) 64-Bit Server VM (17.0.8+9-LTS-211, mixed mode, sharing, tiered, compressed oops, compressed class ptrs, g1 gc, windows-amd64)
GC Precious Log:
 CPUs: 8 total, 8 available
 Memory: 8042M
 Large Page Support: Disabled
 NUMA Support: Disabled
 Compressed Oops: Enabled (32-bit)
 Heap Region Size: 1M
 Heap Min Capacity: 8M
 Heap Initial Capacity: 126M
 Heap Max Capacity: 2012M
 Pre-touch: Disabled
 Parallel Workers: 8
 Concurrent Workers: 2
 Concurrent Refinement Workers: 8
 Periodic GC: Disabled
Heap:
 garbage-first heap   total 159744K, used 98673K [0x0000000082400000, 0x0000000100000000)
  region size 1024K, 37 young (37888K), 11 survivors (11264K)
 Metaspace       used 27430K, committed 27776K, reserved 1114112K
  class space    used 3035K, committed 3200K, reserved 1048576K
GC Heap History (20 events):
Event: 2.422 GC heap before
{Heap before GC invocations=3 (full 0):
 garbage-first heap   total 129024K, used 80557K [0x0000000082400000, 0x0000000100000000)
  region size 1024K, 75 young (76800K), 8 survivors (8192K)
 Metaspace       used 16183K, committed 16384K, reserved 1114112K
  class space    used 1851K, committed 1920K, reserved 1048576K
}
Event: 2.434 GC heap after
{Heap after GC invocations=4 (full 0):
 garbage-first heap   total 129024K, used 15801K [0x0000000082400000, 0x0000000100000000)
  region size 1024K, 4 young (4096K), 4 survivors (4096K)
 Metaspace       used 16183K, committed 16384K, reserved 1114112K
  class space    used 1851K, committed 1920K, reserved 1048576K
}
Event: 3.146 GC heap before
{Heap before GC invocations=4 (full 0):
 garbage-first heap   total 129024K, used 88505K [0x0000000082400000, 0x0000000100000000)
  region size 1024K, 75 young (76800K), 4 survivors (4096K)
 Metaspace       used 16453K, committed 16576K, reserved 1114112K
  class space    used 1852K, committed 1920K, reserved 1048576K
}
Event: 3.151 GC heap after
{Heap after GC invocations=5 (full 0):
 garbage-first heap   total 129024K, used 18873K [0x0000000082400000, 0x0000000100000000)
  region size 1024K, 7 young (7168K), 7 survivors (7168K)
 Metaspace       used 16453K, committed 16576K, reserved 1114112K
  class space    used 1852K, committed 1920K, reserved 1048576K
}
Event: 3.533 GC heap before
{Heap before GC invocations=5 (full 0):
 garbage-first heap   total 129024K, used 88505K [0x0000000082400000, 0x0000000100000000)
  region size 1024K, 75 young (76800K), 7 survivors (7168K)
 Metaspace       used 16484K, committed 16640K, reserved 1114112K
  class space    used 1853K, committed 1920K, reserved 1048576K
}
Event: 3.541 GC heap after
{Heap after GC invocations=6 (full 0):
 garbage-first heap   total 129024K, used 22424K [0x0000000082400000, 0x0000000100000000)
  region size 1024K, 7 young (7168K), 7 survivors (7168K)
 Metaspace       used 16484K, committed 16640K, reserved 1114112K
  class space    used 1853K, committed 1920K, reserved 1048576K
}
Event: 4.107 GC heap before
{Heap before GC invocations=6 (full 0):
 garbage-first heap   total 129024K, used 92056K [0x0000000082400000, 0x0000000100000000)
  region size 1024K, 75 young (76800K), 7 survivors (7168K)
 Metaspace       used 16507K, committed 16704K, reserved 1114112K
  class space    used 1853K, committed 1920K, reserved 1048576K
}
Event: 4.114 GC heap after
{Heap after GC invocations=7 (full 0):
 garbage-first heap   total 129024K, used 24985K [0x0000000082400000, 0x0000000100000000)
  region size 1024K, 6 young (6144K), 6 survivors (6144K)
 Metaspace       used 16507K, committed 16704K, reserved 1114112K
  class space    used 1853K, committed 1920K, reserved 1048576K
}
Event: 4.626 GC heap before
{Heap before GC invocations=7 (full 0):
 garbage-first heap   total 129024K, used 95641K [0x0000000082400000, 0x0000000100000000)
  region size 1024K, 75 young (76800K), 6 survivors (6144K)
 Metaspace       used 16519K, committed 16704K, reserved 1114112K
  class space    used 1853K, committed 1920K, reserved 1048576K
}
Event: 4.634 GC heap after
{Heap after GC invocations=8 (full 0):
 garbage-first heap   total 129024K, used 28258K [0x0000000082400000, 0x0000000100000000)
  region size 1024K, 6 young (6144K), 6 survivors (6144K)
 Metaspace       used 16519K, committed 16704K, reserved 1114112K
  class space    used 1853K, committed 1920K, reserved 1048576K
}
Event: 5.124 GC heap before
{Heap before GC invocations=8 (full 0):
 garbage-first heap   total 129024K, used 98914K [0x0000000082400000, 0x0000000100000000)
  region size 1024K, 75 young (76800K), 6 survivors (6144K)
 Metaspace       used 16525K, committed 16704K, reserved 1114112K
  class space    used 1853K, committed 1920K, reserved 1048576K
}
Event: 5.131 GC heap after
{Heap after GC invocations=9 (full 0):
 garbage-first heap   total 155648K, used 31542K [0x0000000082400000, 0x0000000100000000)
  region size 1024K, 6 young (6144K), 6 survivors (6144K)
 Metaspace       used 16525K, committed 16704K, reserved 1114112K
  class space    used 1853K, committed 1920K, reserved 1048576K
}
Event: 5.829 GC heap before
{Heap before GC invocations=9 (full 0):
 garbage-first heap   total 155648K, used 118582K [0x0000000082400000, 0x0000000100000000)
  region size 1024K, 91 young (93184K), 6 survivors (6144K)
 Metaspace       used 16527K, committed 16704K, reserved 1114112K
  class space    used 1853K, committed 1920K, reserved 1048576K
}
Event: 5.839 GC heap after
{Heap after GC invocations=10 (full 0):
 garbage-first heap   total 155648K, used 34996K [0x0000000082400000, 0x0000000100000000)
  region size 1024K, 10 young (10240K), 10 survivors (10240K)
 Metaspace       used 16527K, committed 16704K, reserved 1114112K
  class space    used 1853K, committed 1920K, reserved 1048576K
}
Event: 6.679 GC heap before
{Heap before GC invocations=10 (full 0):
 garbage-first heap   total 155648K, used 117940K [0x0000000082400000, 0x0000000100000000)
  region size 1024K, 91 young (93184K), 10 survivors (10240K)
 Metaspace       used 16936K, committed 17088K, reserved 1114112K
  class space    used 1898K, committed 1984K, reserved 1048576K
}
Event: 6.693 GC heap after
{Heap after GC invocations=11 (full 0):
 garbage-first heap   total 155648K, used 38265K [0x0000000082400000, 0x0000000100000000)
  region size 1024K, 7 young (7168K), 7 survivors (7168K)
 Metaspace       used 16936K, committed 17088K, reserved 1114112K
  class space    used 1898K, committed 1984K, reserved 1048576K
}
Event: 10.774 GC heap before
{Heap before GC invocations=11 (full 0):
 garbage-first heap   total 155648K, used 98681K [0x0000000082400000, 0x0000000100000000)
  region size 1024K, 67 young (68608K), 7 survivors (7168K)
 Metaspace       used 21219K, committed 21504K, reserved 1114112K
  class space    used 2426K, committed 2560K, reserved 1048576K
}
Event: 10.783 GC heap after
{Heap after GC invocations=12 (full 0):
 garbage-first heap   total 155648K, used 41733K [0x0000000082400000, 0x0000000100000000)
  region size 1024K, 7 young (7168K), 7 survivors (7168K)
 Metaspace       used 21219K, committed 21504K, reserved 1114112K
  class space    used 2426K, committed 2560K, reserved 1048576K
}
Event: 12.552 GC heap before
{Heap before GC invocations=13 (full 0):
 garbage-first heap   total 143360K, used 119557K [0x0000000082400000, 0x0000000100000000)
  region size 1024K, 84 young (86016K), 7 survivors (7168K)
 Metaspace       used 25741K, committed 25984K, reserved 1114112K
  class space    used 2879K, committed 3008K, reserved 1048576K
}
Event: 12.579 GC heap after
{Heap after GC invocations=14 (full 0):
 garbage-first heap   total 159744K, used 73073K [0x0000000082400000, 0x0000000100000000)
  region size 1024K, 11 young (11264K), 11 survivors (11264K)
 Metaspace       used 25741K, committed 25984K, reserved 1114112K
  class space    used 2879K, committed 3008K, reserved 1048576K
}

