# JRE version: OpenJDK Runtime Environment (19.0.2+7) (build 19.0.2+7-44)
# Java VM: OpenJDK 64-Bit Server VM (19.0.2+7-44, mixed mode, sharing, tiered, compressed oops, compressed class ptrs, g1 gc, windows-amd64)
GC Precious Log:
 CardTable entry size: 512
 Card Set container configuration: InlinePtr #cards 5 size 8 Array Of Cards #cards 12 size 40 Howl #buckets 4 coarsen threshold 1843 Howl Bitmap #cards 512 size 80 coarsen threshold 460 Card regions per heap region 1 cards per card region 2048
 CPUs: 4 total, 4 available
 Memory: 3933M
 Large Page Support: Disabled
 NUMA Support: Disabled
 Compressed Oops: Enabled (32-bit)
 Heap Region Size: 1M
 Heap Min Capacity: 8M
 Heap Initial Capacity: 62M
 Heap Max Capacity: 984M
 Pre-touch: Disabled
 Parallel Workers: 4
 Concurrent Workers: 1
 Concurrent Refinement Workers: 4
 Periodic GC: Disabled
Heap:
 garbage-first heap   total 199680K, used 89139K [0x00000000c2800000, 0x0000000100000000)
  region size 1024K, 9 young (9216K), 1 survivors (1024K)
 Metaspace       used 36921K, committed 37440K, reserved 1114112K
  class space    used 3871K, committed 4096K, reserved 1048576K
GC Heap History (20 events):
Event: 105.619 GC heap before
{Heap before GC invocations=45 (full 0):
 garbage-first heap   total 133120K, used 102844K [0x00000000c2800000, 0x0000000100000000)
  region size 1024K, 25 young (25600K), 3 survivors (3072K)
 Metaspace       used 29864K, committed 30272K, reserved 1114112K
  class space    used 3133K, committed 3328K, reserved 1048576K
}
Event: 105.626 GC heap after
{Heap after GC invocations=46 (full 0):
 garbage-first heap   total 133120K, used 82049K [0x00000000c2800000, 0x0000000100000000)
  region size 1024K, 1 young (1024K), 1 survivors (1024K)
 Metaspace       used 29864K, committed 30272K, reserved 1114112K
  class space    used 3133K, committed 3328K, reserved 1048576K
}
Event: 107.363 GC heap before
{Heap before GC invocations=46 (full 0):
 garbage-first heap   total 133120K, used 105601K [0x00000000c2800000, 0x0000000100000000)
  region size 1024K, 24 young (24576K), 1 survivors (1024K)
 Metaspace       used 29975K, committed 30400K, reserved 1114112K
  class space    used 3138K, committed 3328K, reserved 1048576K
}
Event: 107.365 GC heap after
{Heap after GC invocations=47 (full 0):
 garbage-first heap   total 133120K, used 81785K [0x00000000c2800000, 0x0000000100000000)
  region size 1024K, 1 young (1024K), 1 survivors (1024K)
 Metaspace       used 29975K, committed 30400K, reserved 1114112K
  class space    used 3138K, committed 3328K, reserved 1048576K
}
Event: 107.854 GC heap before
{Heap before GC invocations=47 (full 0):
 garbage-first heap   total 133120K, used 107385K [0x00000000c2800000, 0x0000000100000000)
  region size 1024K, 26 young (26624K), 1 survivors (1024K)
 Metaspace       used 30028K, committed 30400K, reserved 1114112K
  class space    used 3140K, committed 3328K, reserved 1048576K
}
Event: 107.860 GC heap after
{Heap after GC invocations=48 (full 0):
 garbage-first heap   total 133120K, used 82548K [0x00000000c2800000, 0x0000000100000000)
  region size 1024K, 2 young (2048K), 2 survivors (2048K)
 Metaspace       used 30028K, committed 30400K, reserved 1114112K
  class space    used 3140K, committed 3328K, reserved 1048576K
}
Event: 108.229 GC heap before
{Heap before GC invocations=48 (full 0):
 garbage-first heap   total 133120K, used 108148K [0x00000000c2800000, 0x0000000100000000)
  region size 1024K, 27 young (27648K), 2 survivors (2048K)
 Metaspace       used 30071K, committed 30464K, reserved 1114112K
  class space    used 3140K, committed 3328K, reserved 1048576K
}
Event: 108.237 GC heap after
{Heap after GC invocations=49 (full 0):
 garbage-first heap   total 133120K, used 82364K [0x00000000c2800000, 0x0000000100000000)
  region size 1024K, 1 young (1024K), 1 survivors (1024K)
 Metaspace       used 30071K, committed 30464K, reserved 1114112K
  class space    used 3140K, committed 3328K, reserved 1048576K
}
Event: 110.402 GC heap before
{Heap before GC invocations=49 (full 0):
 garbage-first heap   total 133120K, used 111036K [0x00000000c2800000, 0x0000000100000000)
  region size 1024K, 28 young (28672K), 1 survivors (1024K)
 Metaspace       used 31496K, committed 31872K, reserved 1114112K
  class space    used 3321K, committed 3520K, reserved 1048576K
}
Event: 110.415 GC heap after
{Heap after GC invocations=50 (full 0):
 garbage-first heap   total 133120K, used 84606K [0x00000000c2800000, 0x0000000100000000)
  region size 1024K, 3 young (3072K), 3 survivors (3072K)
 Metaspace       used 31496K, committed 31872K, reserved 1114112K
  class space    used 3321K, committed 3520K, reserved 1048576K
}
Event: 114.819 GC heap before
{Heap before GC invocations=50 (full 0):
 garbage-first heap   total 133120K, used 111230K [0x00000000c2800000, 0x0000000100000000)
  region size 1024K, 29 young (29696K), 3 survivors (3072K)
 Metaspace       used 32145K, committed 32576K, reserved 1114112K
  class space    used 3334K, committed 3520K, reserved 1048576K
}
Event: 114.829 GC heap after
{Heap after GC invocations=51 (full 0):
 garbage-first heap   total 133120K, used 85412K [0x00000000c2800000, 0x0000000100000000)
  region size 1024K, 3 young (3072K), 3 survivors (3072K)
 Metaspace       used 32145K, committed 32576K, reserved 1114112K
  class space    used 3334K, committed 3520K, reserved 1048576K
}
Event: 122.148 GC heap before
{Heap before GC invocations=51 (full 0):
 garbage-first heap   total 133120K, used 112036K [0x00000000c2800000, 0x0000000100000000)
  region size 1024K, 29 young (29696K), 3 survivors (3072K)
 Metaspace       used 32969K, committed 33344K, reserved 1114112K
  class space    used 3402K, committed 3584K, reserved 1048576K
}
Event: 122.237 GC heap after
{Heap after GC invocations=52 (full 0):
 garbage-first heap   total 133120K, used 86833K [0x00000000c2800000, 0x0000000100000000)
  region size 1024K, 3 young (3072K), 3 survivors (3072K)
 Metaspace       used 32969K, committed 33344K, reserved 1114112K
  class space    used 3402K, committed 3584K, reserved 1048576K
}
Event: 123.992 GC heap before
{Heap before GC invocations=52 (full 0):
 garbage-first heap   total 133120K, used 108337K [0x00000000c2800000, 0x0000000100000000)
  region size 1024K, 19 young (19456K), 3 survivors (3072K)
 Metaspace       used 34732K, committed 35200K, reserved 1114112K
  class space    used 3650K, committed 3904K, reserved 1048576K
}
Event: 124.004 GC heap after
{Heap after GC invocations=53 (full 0):
 garbage-first heap   total 133120K, used 94471K [0x00000000c2800000, 0x0000000100000000)
  region size 1024K, 3 young (3072K), 3 survivors (3072K)
 Metaspace       used 34732K, committed 35200K, reserved 1114112K
  class space    used 3650K, committed 3904K, reserved 1048576K
}
Event: 125.260 GC heap before
{Heap before GC invocations=54 (full 0):
 garbage-first heap   total 199680K, used 122119K [0x00000000c2800000, 0x0000000100000000)
  region size 1024K, 19 young (19456K), 3 survivors (3072K)
 Metaspace       used 36107K, committed 36544K, reserved 1114112K
  class space    used 3792K, committed 3968K, reserved 1048576K
}
Event: 125.282 GC heap after
{Heap after GC invocations=55 (full 0):
 garbage-first heap   total 199680K, used 88700K [0x00000000c2800000, 0x0000000100000000)
  region size 1024K, 2 young (2048K), 2 survivors (2048K)
 Metaspace       used 36107K, committed 36544K, reserved 1114112K
  class space    used 3792K, committed 3968K, reserved 1048576K
}
Event: 125.512 GC heap before
{Heap before GC invocations=55 (full 0):
 garbage-first heap   total 199680K, used 95868K [0x00000000c2800000, 0x0000000100000000)
  region size 1024K, 9 young (9216K), 2 survivors (2048K)
 Metaspace       used 36184K, committed 36608K, reserved 1114112K
  class space    used 3797K, committed 3968K, reserved 1048576K
}
Event: 125.519 GC heap after
{Heap after GC invocations=56 (full 0):
 garbage-first heap   total 199680K, used 81971K [0x00000000c2800000, 0x0000000100000000)
  region size 1024K, 1 young (1024K), 1 survivors (1024K)
 Metaspace       used 36184K, committed 36608K, reserved 1114112K
  class space    used 3797K, committed 3968K, reserved 1048576K
}

