# JRE version: OpenJDK Runtime Environment (19.0.2+7) (build 19.0.2+7-44)
# Java VM: OpenJDK 64-Bit Server VM (19.0.2+7-44, mixed mode, sharing, tiered, compressed oops, compressed class ptrs, g1 gc, windows-amd64)
GC Precious Log:
 CardTable entry size: 512
 Card Set container configuration: InlinePtr #cards 5 size 8 Array Of Cards #cards 12 size 40 Howl #buckets 4 coarsen threshold 1843 Howl Bitmap #cards 512 size 80 coarsen threshold 460 Card regions per heap region 1 cards per card region 2048
 CPUs: 4 total, 4 available
 Memory: 3933M
 Large Page Support: Disabled
 NUMA Support: Disabled
 Compressed Oops: Enabled (32-bit)
 Heap Region Size: 1M
 Heap Min Capacity: 8M
 Heap Initial Capacity: 62M
 Heap Max Capacity: 984M
 Pre-touch: Disabled
 Parallel Workers: 4
 Concurrent Workers: 1
 Concurrent Refinement Workers: 4
 Periodic GC: Disabled
Heap:
 garbage-first heap   total 158720K, used 97595K [0x00000000c2800000, 0x0000000100000000)
  region size 1024K, 19 young (19456K), 1 survivors (1024K)
 Metaspace       used 36955K, committed 37504K, reserved 1114112K
  class space    used 3870K, committed 4096K, reserved 1048576K
GC Heap History (20 events):
Event: 88.528 GC heap before
{Heap before GC invocations=48 (full 0):
 garbage-first heap   total 135168K, used 101067K [0x00000000c2800000, 0x0000000100000000)
  region size 1024K, 25 young (25600K), 1 survivors (1024K)
 Metaspace       used 28391K, committed 28800K, reserved 1114112K
  class space    used 2969K, committed 3200K, reserved 1048576K
}
Event: 88.539 GC heap after
{Heap after GC invocations=49 (full 0):
 garbage-first heap   total 135168K, used 80493K [0x00000000c2800000, 0x0000000100000000)
  region size 1024K, 4 young (4096K), 4 survivors (4096K)
 Metaspace       used 28391K, committed 28800K, reserved 1114112K
  class space    used 2969K, committed 3200K, reserved 1048576K
}
Event: 91.805 GC heap before
{Heap before GC invocations=49 (full 0):
 garbage-first heap   total 135168K, used 103021K [0x00000000c2800000, 0x0000000100000000)
  region size 1024K, 27 young (27648K), 4 survivors (4096K)
 Metaspace       used 29857K, committed 30272K, reserved 1114112K
  class space    used 3129K, committed 3328K, reserved 1048576K
}
Event: 91.829 GC heap after
{Heap after GC invocations=50 (full 0):
 garbage-first heap   total 135168K, used 81173K [0x00000000c2800000, 0x0000000100000000)
  region size 1024K, 1 young (1024K), 1 survivors (1024K)
 Metaspace       used 29857K, committed 30272K, reserved 1114112K
  class space    used 3129K, committed 3328K, reserved 1048576K
}
Event: 94.226 GC heap before
{Heap before GC invocations=50 (full 0):
 garbage-first heap   total 135168K, used 106773K [0x00000000c2800000, 0x0000000100000000)
  region size 1024K, 26 young (26624K), 1 survivors (1024K)
 Metaspace       used 30004K, committed 30400K, reserved 1114112K
  class space    used 3135K, committed 3328K, reserved 1048576K
}
Event: 94.228 GC heap after
{Heap after GC invocations=51 (full 0):
 garbage-first heap   total 135168K, used 81104K [0x00000000c2800000, 0x0000000100000000)
  region size 1024K, 1 young (1024K), 1 survivors (1024K)
 Metaspace       used 30004K, committed 30400K, reserved 1114112K
  class space    used 3135K, committed 3328K, reserved 1048576K
}
Event: 95.689 GC heap before
{Heap before GC invocations=51 (full 0):
 garbage-first heap   total 135168K, used 107728K [0x00000000c2800000, 0x0000000100000000)
  region size 1024K, 28 young (28672K), 1 survivors (1024K)
 Metaspace       used 30054K, committed 30400K, reserved 1114112K
  class space    used 3138K, committed 3328K, reserved 1048576K
}
Event: 95.692 GC heap after
{Heap after GC invocations=52 (full 0):
 garbage-first heap   total 135168K, used 81662K [0x00000000c2800000, 0x0000000100000000)
  region size 1024K, 2 young (2048K), 2 survivors (2048K)
 Metaspace       used 30054K, committed 30400K, reserved 1114112K
  class space    used 3138K, committed 3328K, reserved 1048576K
}
Event: 96.785 GC heap before
{Heap before GC invocations=52 (full 0):
 garbage-first heap   total 135168K, used 109310K [0x00000000c2800000, 0x0000000100000000)
  region size 1024K, 29 young (29696K), 2 survivors (2048K)
 Metaspace       used 30105K, committed 30464K, reserved 1114112K
  class space    used 3138K, committed 3328K, reserved 1048576K
}
Event: 96.793 GC heap after
{Heap after GC invocations=53 (full 0):
 garbage-first heap   total 135168K, used 81682K [0x00000000c2800000, 0x0000000100000000)
  region size 1024K, 2 young (2048K), 2 survivors (2048K)
 Metaspace       used 30105K, committed 30464K, reserved 1114112K
  class space    used 3138K, committed 3328K, reserved 1048576K
}
Event: 98.140 GC heap before
{Heap before GC invocations=53 (full 0):
 garbage-first heap   total 135168K, used 100114K [0x00000000c2800000, 0x0000000100000000)
  region size 1024K, 21 young (21504K), 2 survivors (2048K)
 Metaspace       used 30888K, committed 31296K, reserved 1114112K
  class space    used 3242K, committed 3456K, reserved 1048576K
}
Event: 98.150 GC heap after
{Heap after GC invocations=54 (full 0):
 garbage-first heap   total 135168K, used 82501K [0x00000000c2800000, 0x0000000100000000)
  region size 1024K, 2 young (2048K), 2 survivors (2048K)
 Metaspace       used 30888K, committed 31296K, reserved 1114112K
  class space    used 3242K, committed 3456K, reserved 1048576K
}
Event: 102.339 GC heap before
{Heap before GC invocations=54 (full 0):
 garbage-first heap   total 135168K, used 113221K [0x00000000c2800000, 0x0000000100000000)
  region size 1024K, 31 young (31744K), 2 survivors (2048K)
 Metaspace       used 32146K, committed 32512K, reserved 1114112K
  class space    used 3333K, committed 3520K, reserved 1048576K
}
Event: 102.349 GC heap after
{Heap after GC invocations=55 (full 0):
 garbage-first heap   total 135168K, used 84549K [0x00000000c2800000, 0x0000000100000000)
  region size 1024K, 3 young (3072K), 3 survivors (3072K)
 Metaspace       used 32146K, committed 32512K, reserved 1114112K
  class space    used 3333K, committed 3520K, reserved 1048576K
}
Event: 106.092 GC heap before
{Heap before GC invocations=55 (full 0):
 garbage-first heap   total 135168K, used 113221K [0x00000000c2800000, 0x0000000100000000)
  region size 1024K, 31 young (31744K), 3 survivors (3072K)
 Metaspace       used 32992K, committed 33408K, reserved 1114112K
  class space    used 3401K, committed 3584K, reserved 1048576K
}
Event: 106.124 GC heap after
{Heap after GC invocations=56 (full 0):
 garbage-first heap   total 135168K, used 86103K [0x00000000c2800000, 0x0000000100000000)
  region size 1024K, 3 young (3072K), 3 survivors (3072K)
 Metaspace       used 32992K, committed 33408K, reserved 1114112K
  class space    used 3401K, committed 3584K, reserved 1048576K
}
Event: 109.477 GC heap before
{Heap before GC invocations=57 (full 0):
 garbage-first heap   total 158720K, used 130135K [0x00000000c2800000, 0x0000000100000000)
  region size 1024K, 28 young (28672K), 3 survivors (3072K)
 Metaspace       used 35795K, committed 36288K, reserved 1114112K
  class space    used 3748K, committed 3968K, reserved 1048576K
}
Event: 109.493 GC heap after
{Heap after GC invocations=58 (full 0):
 garbage-first heap   total 158720K, used 87680K [0x00000000c2800000, 0x0000000100000000)
  region size 1024K, 3 young (3072K), 3 survivors (3072K)
 Metaspace       used 35795K, committed 36288K, reserved 1114112K
  class space    used 3748K, committed 3968K, reserved 1048576K
}
Event: 110.415 GC heap before
{Heap before GC invocations=58 (full 0):
 garbage-first heap   total 158720K, used 91776K [0x00000000c2800000, 0x0000000100000000)
  region size 1024K, 7 young (7168K), 3 survivors (3072K)
 Metaspace       used 36121K, committed 36608K, reserved 1114112K
  class space    used 3789K, committed 3968K, reserved 1048576K
}
Event: 110.486 GC heap after
{Heap after GC invocations=59 (full 0):
 garbage-first heap   total 158720K, used 80187K [0x00000000c2800000, 0x0000000100000000)
  region size 1024K, 1 young (1024K), 1 survivors (1024K)
 Metaspace       used 36121K, committed 36608K, reserved 1114112K
  class space    used 3789K, committed 3968K, reserved 1048576K
}

